#
# A fatal error has been detected by the Java Runtime Environment:
#
#  EXCEPTION_ACCESS_VIOLATION (0xc0000005) at pc=0x000000006f31584a, pid=8096, tid=0x0000000000000754
#
# JRE version: Java(TM) SE Runtime Environment (8.0_111-b14) (build 1.8.0_111-b14)
# Java VM: Java HotSpot(TM) 64-Bit Server VM (25.111-b14 mixed mode windows-amd64 compressed oops)
# Problematic frame:
# C  [glass.dll+0x2584a]
#
# Failed to write core dump. Minidumps are not enabled by default on client versions of Windows
#
# If you would like to submit a bug report, please visit:
#   http://bugreport.java.com/bugreport/crash.jsp
#

---------------  T H R E A D  ---------------

Current thread (0x00000000163b7800):  VMThread [stack: 0x0000000016e20000,0x0000000016f20000] [id=1876]

siginfo: ExceptionCode=0xc0000005, reading address 0x0000000000000000

Registers:
RAX=0x0000000000000000, RBX=0x0000000017d68808, RCX=0x00000000163b7800, RDX=0x0000000017d68808
RSP=0x0000000016f1f350, RBP=0x0000000000dd2730, RSI=0x0000000000000001, RDI=0x0000000000000000
R8 =0x0000000000010002, R9 =0x0000000000000001, R10=0xfffffffffffff000, R11=0x0000000016f1f2b0
R12=0x0000000000dd2760, R13=0x0000000000dd2730, R14=0x0000000000dd2740, R15=0x0000000000000000
RIP=0x000000006f31584a, EFLAGS=0x0000000000010206

Top of Stack: (sp=0x0000000016f1f350)
0x0000000016f1f350:   0000000000000000 000000006f315900
0x0000000016f1f360:   0000000000000001 0000000000dd2760
0x0000000016f1f370:   000000006f315830 000000006f313224
0x0000000016f1f380:   00007ff9f18ba6c0 000000006f315a60
0x0000000016f1f390:   0000000000dd2730 0000000000000001
0x0000000016f1f3a0:   0000000000000001 000000006f2f0000
0x0000000016f1f3b0:   0000000001091658 000000006f3134a6
0x0000000016f1f3c0:   0000000000000001 0000000016305500
0x0000000016f1f3d0:   0000000000000000 000000006f313384
0x0000000016f1f3e0:   c000000500000001 0000000016f1e4c0
0x0000000016f1f3f0:   000000006f2f0000 00007ff9f3fa9a1d
0x0000000016f1f400:   000000007ffe0385 0000000000000000
0x0000000016f1f410:   000000007ffe0384 000000007ffe0385
0x0000000016f1f420:   0000000000000000 00007ff9f3fedd61
0x0000000016f1f430:   00008a0623048300 0000000000d2b4b0
0x0000000016f1f440:   0000000000000000 000000006f313384 

Instructions: (pc=0x000000006f31584a)
0x000000006f31582a:   83 c4 20 5d c3 cc 40 53 48 83 ec 20 48 8b 1d cb
0x000000006f31583a:   5b 01 00 48 85 db 74 1a e8 19 93 ff ff 48 8b d3
0x000000006f31584a:   4c 8b 00 48 8b c8 48 83 c4 20 5b 49 ff a0 b0 00
0x000000006f31585a:   00 00 48 83 c4 20 5b c3 cc cc cc cc cc cc cc cc 


Register to memory mapping:

RAX=0x0000000000000000 is an unknown value
RBX=0x0000000017d68808 is a global jni handle
RCX=0x00000000163b7800 is an unknown value
RDX=0x0000000017d68808 is a global jni handle
RSP=0x0000000016f1f350 is an unknown value
RBP=0x0000000000dd2730 is an unknown value
RSI=0x0000000000000001 is an unknown value
RDI=0x0000000000000000 is an unknown value
R8 =0x0000000000010002 is an unknown value
R9 =0x0000000000000001 is an unknown value
R10=0xfffffffffffff000 is an unknown value
R11=0x0000000016f1f2b0 is an unknown value
R12=0x0000000000dd2760 is an unknown value
R13=0x0000000000dd2730 is an unknown value
R14=0x0000000000dd2740 is an unknown value
R15=0x0000000000000000 is an unknown value


Stack: [0x0000000016e20000,0x0000000016f20000],  sp=0x0000000016f1f350,  free space=1020k
Native frames: (J=compiled Java code, j=interpreted, Vv=VM code, C=native code)
C  [glass.dll+0x2584a]
C  [glass.dll+0x23224]
C  [glass.dll+0x234a6]
C  [ntdll.dll+0x19a1d]
C  [ntdll.dll+0x5db91]
C  [ntdll.dll+0x5da2d]
C  [KERNEL32.DLL+0x1e0ab]
C  [msvcr100.dll+0x20ccd]
V  [jvm.dll+0x212ca5]
V  [jvm.dll+0x24ba27]
V  [jvm.dll+0x24acc6]
V  [jvm.dll+0x24b161]
V  [jvm.dll+0x24b37e]
V  [jvm.dll+0x29c43a]
C  [msvcr100.dll+0x21d9f]
C  [msvcr100.dll+0x21e3b]
C  [KERNEL32.DLL+0x17034]
C  [ntdll.dll+0x52651]

VM_Operation (0x000000001862a3b0): Exit, mode: safepoint, requested by thread 0x0000000017d61800


---------------  P R O C E S S  ---------------

Java Threads: ( => current thread )
  0x0000000018c55000 JavaThread "Thread-4" [_thread_blocked, id=9588, stack(0x000000001ea10000,0x000000001eb10000)]
  0x0000000018b56000 JavaThread "Prism Font Disposer" daemon [_thread_blocked, id=1796, stack(0x000000001d3f0000,0x000000001d4f0000)]
  0x0000000017d97000 JavaThread "JavaFX-Launcher" [_thread_blocked, id=2208, stack(0x000000001ae70000,0x000000001af70000)]
  0x0000000017d96000 JavaThread "Thread-2" daemon [_thread_in_native, id=2060, stack(0x000000001ad70000,0x000000001ae70000)]
  0x0000000017d61800 JavaThread "JavaFX Application Thread" [_thread_blocked, id=4356, stack(0x0000000018530000,0x0000000018630000)]
  0x0000000017d5a000 JavaThread "Thread-1" daemon [_thread_blocked, id=8032, stack(0x0000000018430000,0x0000000018530000)]
  0x0000000017d32000 JavaThread "QuantumRenderer-0" daemon [_thread_blocked, id=9976, stack(0x0000000017db0000,0x0000000017eb0000)]
  0x000000001645c800 JavaThread "Service Thread" daemon [_thread_blocked, id=5416, stack(0x0000000017640000,0x0000000017740000)]
  0x00000000163ed000 JavaThread "C1 CompilerThread1" daemon [_thread_blocked, id=10068, stack(0x0000000017540000,0x0000000017640000)]
  0x00000000163eb000 JavaThread "C2 CompilerThread0" daemon [_thread_blocked, id=5704, stack(0x0000000017440000,0x0000000017540000)]
  0x00000000163e9800 JavaThread "Attach Listener" daemon [_thread_blocked, id=10124, stack(0x0000000017340000,0x0000000017440000)]
  0x00000000163e6800 JavaThread "Signal Dispatcher" daemon [_thread_blocked, id=852, stack(0x0000000017240000,0x0000000017340000)]
  0x0000000002d27800 JavaThread "Finalizer" daemon [_thread_blocked, id=4448, stack(0x0000000017020000,0x0000000017120000)]
  0x0000000002d1e000 JavaThread "Reference Handler" daemon [_thread_blocked, id=1452, stack(0x0000000016f20000,0x0000000017020000)]
  0x0000000002c30800 JavaThread "main" [_thread_blocked, id=676, stack(0x0000000002b30000,0x0000000002c30000)]

Other Threads:
=>0x00000000163b7800 VMThread [stack: 0x0000000016e20000,0x0000000016f20000] [id=1876]

VM state:at safepoint (shutting down)

VM Mutex/Monitor currently owned by a thread:  ([mutex/lock_event])
[0x000000000109c9b0] Threads_lock - owner thread: 0x00000000163b7800

Heap:
 PSYoungGen      total 28672K, used 20248K [0x00000000e0400000, 0x00000000e2400000, 0x0000000100000000)
  eden space 24576K, 65% used [0x00000000e0400000,0x00000000e13c64c8,0x00000000e1c00000)
  from space 4096K, 99% used [0x00000000e1c00000,0x00000000e1fffe80,0x00000000e2000000)
  to   space 4096K, 0% used [0x00000000e2000000,0x00000000e2000000,0x00000000e2400000)
 ParOldGen       total 65536K, used 1193K [0x00000000a0c00000, 0x00000000a4c00000, 0x00000000e0400000)
  object space 65536K, 1% used [0x00000000a0c00000,0x00000000a0d2a718,0x00000000a4c00000)
 Metaspace       used 19020K, capacity 19908K, committed 20096K, reserved 1067008K
  class space    used 2607K, capacity 2823K, committed 2944K, reserved 1048576K

Card table byte_map: [0x00000000120f0000,0x00000000123f0000] byte_map_base: 0x0000000011bea000

Marking Bits: (ParMarkBitMap*) 0x000000007083a6c0
 Begin Bits: [0x00000000127f0000, 0x0000000013fc0000)
 End Bits:   [0x0000000013fc0000, 0x0000000015790000)

Polling page: 0x0000000001060000

CodeCache: size=245760Kb used=5010Kb max_used=5020Kb free=240749Kb
 bounds [0x0000000002d30000, 0x0000000003220000, 0x0000000011d30000]
 total_blobs=2216 nmethods=1501 adapters=628
 compilation: enabled

Compilation events (10 events):
Event: 5.066 Thread 0x00000000163ed000 1497       3       java.lang.invoke.MethodHandleNatives::isCallerSensitive (29 bytes)
Event: 5.067 Thread 0x00000000163ed000 nmethod 1497 0x000000000320bb90 code [0x000000000320bd40, 0x000000000320c3e8]
Event: 5.067 Thread 0x00000000163ed000 1498       3       java.lang.invoke.MethodHandleNatives::canBeCalledVirtual (132 bytes)
Event: 5.068 Thread 0x00000000163ed000 nmethod 1498 0x0000000003215150 code [0x0000000003215340, 0x0000000003215c78]
Event: 5.093 Thread 0x00000000163eb000 1499       4       java.lang.Object::equals (11 bytes)
Event: 5.093 Thread 0x00000000163eb000 nmethod 1499 0x000000000320b990 code [0x000000000320bac0, 0x000000000320bb38]
Event: 5.096 Thread 0x00000000163ed000 1500       1       java.util.logging.Logger::getName (5 bytes)
Event: 5.096 Thread 0x00000000163ed000 nmethod 1500 0x0000000003218890 code [0x00000000032189e0, 0x0000000003218af0]
Event: 5.096 Thread 0x00000000163ed000 1501       1       java.util.concurrent.CopyOnWriteArrayList::getArray (5 bytes)
Event: 5.096 Thread 0x00000000163ed000 nmethod 1501 0x00000000032185d0 code [0x0000000003218720, 0x0000000003218830]

GC Heap History (2 events):
Event: 1.713 GC heap before
{Heap before GC invocations=1 (full 0):
 PSYoungGen      total 28672K, used 24576K [0x00000000e0400000, 0x00000000e2400000, 0x0000000100000000)
  eden space 24576K, 100% used [0x00000000e0400000,0x00000000e1c00000,0x00000000e1c00000)
  from space 4096K, 0% used [0x00000000e2000000,0x00000000e2000000,0x00000000e2400000)
  to   space 4096K, 0% used [0x00000000e1c00000,0x00000000e1c00000,0x00000000e2000000)
 ParOldGen       total 65536K, used 0K [0x00000000a0c00000, 0x00000000a4c00000, 0x00000000e0400000)
  object space 65536K, 0% used [0x00000000a0c00000,0x00000000a0c00000,0x00000000a4c00000)
 Metaspace       used 13880K, capacity 14318K, committed 14464K, reserved 1062912K
  class space    used 1726K, capacity 1864K, committed 1920K, reserved 1048576K
Event: 1.724 GC heap after
Heap after GC invocations=1 (full 0):
 PSYoungGen      total 28672K, used 4095K [0x00000000e0400000, 0x00000000e2400000, 0x0000000100000000)
  eden space 24576K, 0% used [0x00000000e0400000,0x00000000e0400000,0x00000000e1c00000)
  from space 4096K, 99% used [0x00000000e1c00000,0x00000000e1fffe80,0x00000000e2000000)
  to   space 4096K, 0% used [0x00000000e2000000,0x00000000e2000000,0x00000000e2400000)
 ParOldGen       total 65536K, used 1193K [0x00000000a0c00000, 0x00000000a4c00000, 0x00000000e0400000)
  object space 65536K, 1% used [0x00000000a0c00000,0x00000000a0d2a718,0x00000000a4c00000)
 Metaspace       used 13880K, capacity 14318K, committed 14464K, reserved 1062912K
  class space    used 1726K, capacity 1864K, committed 1920K, reserved 1048576K
}

Deoptimization events (10 events):
Event: 2.059 Thread 0x0000000017d61800 Uncommon trap: reason=class_check action=maybe_recompile pc=0x0000000002e4e230 method=java.lang.String.equals(Ljava/lang/Object;)Z @ 8
Event: 2.059 Thread 0x0000000017d61800 Uncommon trap: reason=class_check action=maybe_recompile pc=0x0000000002e4e230 method=java.lang.String.equals(Ljava/lang/Object;)Z @ 8
Event: 2.059 Thread 0x0000000017d61800 Uncommon trap: reason=class_check action=maybe_recompile pc=0x0000000002e4e230 method=java.lang.String.equals(Ljava/lang/Object;)Z @ 8
Event: 2.061 Thread 0x0000000017d61800 Uncommon trap: reason=class_check action=maybe_recompile pc=0x0000000002e4e230 method=java.lang.String.equals(Ljava/lang/Object;)Z @ 8
Event: 2.094 Thread 0x0000000017d61800 Uncommon trap: reason=unstable_if action=reinterpret pc=0x0000000003080dc8 method=java.lang.String.regionMatches(ZILjava/lang/String;II)Z @ 123
Event: 2.139 Thread 0x0000000017d61800 Uncommon trap: reason=unstable_if action=reinterpret pc=0x0000000003099520 method=java.util.HashMap.hash(Ljava/lang/Object;)I @ 1
Event: 2.139 Thread 0x0000000017d61800 Uncommon trap: reason=unstable_if action=reinterpret pc=0x00000000030a2eb0 method=java.util.HashMap.hash(Ljava/lang/Object;)I @ 1
Event: 2.160 Thread 0x0000000017d61800 Uncommon trap: reason=unstable_if action=reinterpret pc=0x0000000003100fac method=java.lang.ClassLoader.checkName(Ljava/lang/String;)Z @ 20
Event: 2.163 Thread 0x0000000017d61800 Uncommon trap: reason=unstable_if action=reinterpret pc=0x0000000002f586a4 method=java.util.Properties.loadConvert([CII[C)Ljava/lang/String; @ 72
Event: 4.957 Thread 0x0000000017d61800 Uncommon trap: reason=unstable_if action=reinterpret pc=0x000000000312ba38 method=jdk.internal.org.objectweb.asm.Type.getArgumentsAndReturnSizes(Ljava/lang/String;)I @ 47

Internal exceptions (10 events):
Event: 1.338 Thread 0x0000000017d61800 Exception <a 'java/lang/ArrayIndexOutOfBoundsException'> (0x00000000e1687438) thrown at [C:\re\workspace\8-2-build-windows-amd64-cygwin\jdk8u111\7883\hotspot\src\share\vm\runtime\sharedRuntime.cpp, line 605]
Event: 1.339 Thread 0x0000000017d61800 Exception <a 'java/lang/ArrayIndexOutOfBoundsException'> (0x00000000e1688188) thrown at [C:\re\workspace\8-2-build-windows-amd64-cygwin\jdk8u111\7883\hotspot\src\share\vm\runtime\sharedRuntime.cpp, line 605]
Event: 1.340 Thread 0x0000000017d61800 Exception <a 'java/lang/ArrayIndexOutOfBoundsException'> (0x00000000e1689530) thrown at [C:\re\workspace\8-2-build-windows-amd64-cygwin\jdk8u111\7883\hotspot\src\share\vm\runtime\sharedRuntime.cpp, line 605]
Event: 1.351 Thread 0x0000000017d61800 Exception <a 'java/lang/ArrayIndexOutOfBoundsException'> (0x00000000e16a3b20) thrown at [C:\re\workspace\8-2-build-windows-amd64-cygwin\jdk8u111\7883\hotspot\src\share\vm\runtime\sharedRuntime.cpp, line 605]
Event: 1.581 Thread 0x0000000017d61800 Exception <a 'java/lang/ArrayIndexOutOfBoundsException'> (0x00000000e1967f98) thrown at [C:\re\workspace\8-2-build-windows-amd64-cygwin\jdk8u111\7883\hotspot\src\share\vm\runtime\sharedRuntime.cpp, line 605]
Event: 1.588 Thread 0x0000000017d61800 Exception <a 'java/lang/ArrayIndexOutOfBoundsException'> (0x00000000e19b01a0) thrown at [C:\re\workspace\8-2-build-windows-amd64-cygwin\jdk8u111\7883\hotspot\src\share\vm\runtime\sharedRuntime.cpp, line 605]
Event: 1.774 Thread 0x0000000017d61800 Exception <a 'java/lang/ArrayIndexOutOfBoundsException'> (0x00000000e062e768) thrown at [C:\re\workspace\8-2-build-windows-amd64-cygwin\jdk8u111\7883\hotspot\src\share\vm\runtime\sharedRuntime.cpp, line 605]
Event: 2.139 Thread 0x0000000017d61800 Implicit null exception at 0x00000000030992f5 to 0x0000000003099511
Event: 2.139 Thread 0x0000000017d61800 Implicit null exception at 0x00000000030a2e18 to 0x00000000030a2ea6
Event: 5.095 Thread 0x0000000018c54000 Exception <a 'java/lang/IllegalStateException'> (0x00000000e138f1e0) thrown at [C:\re\workspace\8-2-build-windows-amd64-cygwin\jdk8u111\7883\hotspot\src\share\vm\prims\jvm.cpp, line 1390]

Events (10 events):
Event: 5.069 loading class java/util/IdentityHashMap$IdentityHashMapIterator done
Event: 5.069 loading class java/util/IdentityHashMap$KeyIterator done
Event: 5.070 Thread 0x0000000018c54000 Thread added: 0x0000000018c54000
Event: 5.070 Thread 0x0000000018c55000 Thread added: 0x0000000018c55000
Event: 5.093 loading class com/sun/javafx/tk/quantum/QuantumRenderer
Event: 5.093 loading class com/sun/javafx/tk/quantum/QuantumRenderer done
Event: 5.095 loading class com/sun/javafx/tk/quantum/QuantumToolkit
Event: 5.095 loading class com/sun/javafx/tk/quantum/QuantumToolkit done
Event: 5.095 Thread 0x0000000018c54000 Thread exited: 0x0000000018c54000
Event: 5.096 Executing VM operation: Exit


Dynamic libraries:
0x00007ff6218d0000 - 0x00007ff621907000 	C:\Program Files\Java\jdk1.8.0_111\jre\bin\java.exe
0x00007ff9f3f90000 - 0x00007ff9f4185000 	C:\Windows\SYSTEM32\ntdll.dll
0x00007ff9f22b0000 - 0x00007ff9f236d000 	C:\Windows\System32\KERNEL32.DLL
0x00007ff9f1bc0000 - 0x00007ff9f1e88000 	C:\Windows\System32\KERNELBASE.dll
0x00007ff9f3980000 - 0x00007ff9f3a2c000 	C:\Windows\System32\ADVAPI32.dll
0x00007ff9f3ac0000 - 0x00007ff9f3b5e000 	C:\Windows\System32\msvcrt.dll
0x00007ff9f21e0000 - 0x00007ff9f227b000 	C:\Windows\System32\sechost.dll
0x00007ff9f2b30000 - 0x00007ff9f2c5b000 	C:\Windows\System32\RPCRT4.dll
0x00007ff9f3420000 - 0x00007ff9f35c0000 	C:\Windows\System32\USER32.dll
0x00007ff9f1700000 - 0x00007ff9f1722000 	C:\Windows\System32\win32u.dll
0x00007ff9f3ca0000 - 0x00007ff9f3cca000 	C:\Windows\System32\GDI32.dll
0x00007ff9f18c0000 - 0x00007ff9f19cb000 	C:\Windows\System32\gdi32full.dll
0x00007ff9f1b20000 - 0x00007ff9f1bbd000 	C:\Windows\System32\msvcp_win.dll
0x00007ff9f1a20000 - 0x00007ff9f1b20000 	C:\Windows\System32\ucrtbase.dll
0x00007ff9e9710000 - 0x00007ff9e99aa000 	C:\Windows\WinSxS\amd64_microsoft.windows.common-controls_6595b64144ccf1df_6.0.19041.844_none_ca00b6081b84eb1d\COMCTL32.dll
0x00007ff9f3a90000 - 0x00007ff9f3ac0000 	C:\Windows\System32\IMM32.DLL
0x000000006ff40000 - 0x0000000070012000 	C:\Program Files\Java\jdk1.8.0_111\jre\bin\msvcr100.dll
0x0000000070020000 - 0x00000000708ba000 	C:\Program Files\Java\jdk1.8.0_111\jre\bin\server\jvm.dll
0x00007ff9f2280000 - 0x00007ff9f2288000 	C:\Windows\System32\PSAPI.DLL
0x00007ff9e3a40000 - 0x00007ff9e3a49000 	C:\Windows\SYSTEM32\WSOCK32.dll
0x00007ff9f33b0000 - 0x00007ff9f341b000 	C:\Windows\System32\WS2_32.dll
0x00007ff9eae20000 - 0x00007ff9eae47000 	C:\Windows\SYSTEM32\WINMM.dll
0x00007ff9eae50000 - 0x00007ff9eae5a000 	C:\Windows\SYSTEM32\VERSION.dll
0x000000006fef0000 - 0x000000006feff000 	C:\Program Files\Java\jdk1.8.0_111\jre\bin\verify.dll
0x000000006fec0000 - 0x000000006fee9000 	C:\Program Files\Java\jdk1.8.0_111\jre\bin\java.dll
0x000000006fea0000 - 0x000000006feb6000 	C:\Program Files\Java\jdk1.8.0_111\jre\bin\zip.dll
0x00007ff9f2c60000 - 0x00007ff9f33a2000 	C:\Windows\System32\SHELL32.dll
0x00007ff9ef830000 - 0x00007ff9effc1000 	C:\Windows\SYSTEM32\windows.storage.dll
0x00007ff9f35c0000 - 0x00007ff9f3915000 	C:\Windows\System32\combase.dll
0x00007ff9f1140000 - 0x00007ff9f116c000 	C:\Windows\SYSTEM32\Wldp.dll
0x00007ff9f2370000 - 0x00007ff9f241e000 	C:\Windows\System32\SHCORE.dll
0x00007ff9f3a30000 - 0x00007ff9f3a85000 	C:\Windows\System32\shlwapi.dll
0x00007ff9f1610000 - 0x00007ff9f162f000 	C:\Windows\SYSTEM32\profapi.dll
0x00007ff9bf480000 - 0x00007ff9bf56f000 	C:\Program Files\Java\jdk1.8.0_111\jre\bin\msvcr120.dll
0x00007ff9dd670000 - 0x00007ff9dd716000 	C:\Program Files\Java\jdk1.8.0_111\jre\bin\msvcp120.dll
0x000000006fbb0000 - 0x000000006fbd2000 	C:\Program Files\Java\jdk1.8.0_111\jre\bin\prism_d3d.dll
0x00007ff9bc740000 - 0x00007ff9bc90e000 	C:\Windows\system32\d3d9.dll
0x00007ff9ef630000 - 0x00007ff9ef642000 	C:\Windows\SYSTEM32\kernel.appcore.dll
0x00007ff9ef250000 - 0x00007ff9ef27f000 	C:\Windows\SYSTEM32\dwmapi.dll
0x00007ff9ef120000 - 0x00007ff9ef1be000 	C:\Windows\system32\uxtheme.dll
0x000000006f2f0000 - 0x000000006f333000 	C:\Program Files\Java\jdk1.8.0_111\jre\bin\glass.dll
0x00007ff9f2420000 - 0x00007ff9f24fa000 	C:\Windows\System32\COMDLG32.dll
0x00007ff9f3e20000 - 0x00007ff9f3f4a000 	C:\Windows\System32\ole32.dll
0x00007ff9f2110000 - 0x00007ff9f21dd000 	C:\Windows\System32\OLEAUT32.dll
0x00007ff9f1ff0000 - 0x00007ff9f2105000 	C:\Windows\System32\MSCTF.dll
0x00007ff9f1840000 - 0x00007ff9f18c0000 	C:\Windows\System32\bcryptPrimitives.dll
0x000000006fe80000 - 0x000000006fe9a000 	C:\Program Files\Java\jdk1.8.0_111\jre\bin\net.dll
0x00007ff9f0e40000 - 0x00007ff9f0eaa000 	C:\Windows\system32\mswsock.dll
0x00007ff9f0bc0000 - 0x00007ff9f0c8c000 	C:\Windows\SYSTEM32\DNSAPI.dll
0x00007ff9f0b30000 - 0x00007ff9f0b6b000 	C:\Windows\SYSTEM32\IPHLPAPI.DLL
0x00007ff9f3cd0000 - 0x00007ff9f3cd8000 	C:\Windows\System32\NSI.dll
0x00007ff9e87d0000 - 0x00007ff9e87da000 	C:\Windows\System32\rasadhlp.dll
0x00007ff9e86b0000 - 0x00007ff9e872f000 	C:\Windows\System32\fwpuclnt.dll
0x00007ff9f16d0000 - 0x00007ff9f16f7000 	C:\Windows\System32\bcrypt.dll
0x000000006f2d0000 - 0x000000006f2e4000 	C:\Program Files\Java\jdk1.8.0_111\jre\bin\javafx_font.dll
0x00007ff9e7660000 - 0x00007ff9e78df000 	C:\Windows\SYSTEM32\dwrite.dll
0x00007ff9f3bf0000 - 0x00007ff9f3c99000 	C:\Windows\System32\clbcatq.dll
0x00007ff9eccb0000 - 0x00007ff9ece64000 	C:\Windows\SYSTEM32\WindowsCodecs.dll
0x00007ff9e1910000 - 0x00007ff9e194e000 	C:\Windows\system32\dataexchange.dll
0x00007ff9ed770000 - 0x00007ff9ed9d4000 	C:\Windows\system32\d3d11.dll
0x00007ff9ee100000 - 0x00007ff9ee2e5000 	C:\Windows\system32\dcomp.dll
0x00007ff9f0010000 - 0x00007ff9f0103000 	C:\Windows\system32\dxgi.dll
0x00007ff9ec9f0000 - 0x00007ff9ecbf1000 	C:\Windows\system32\twinapi.appcore.dll
0x00007ff9d8d50000 - 0x00007ff9d8d84000 	C:\Program Files\Common Files\Microsoft Shared\Ink\rtscom.dll
0x00007ff9e9a00000 - 0x00007ff9e9af9000 	C:\Windows\SYSTEM32\textinputframework.dll
0x00007ff9ee9d0000 - 0x00007ff9eeac2000 	C:\Windows\System32\CoreMessaging.dll
0x00007ff9ee670000 - 0x00007ff9ee9ce000 	C:\Windows\System32\CoreUIComponents.dll
0x00007ff9edfa0000 - 0x00007ff9ee0f4000 	C:\Windows\SYSTEM32\wintypes.dll
0x00007ff9f0410000 - 0x00007ff9f0443000 	C:\Windows\SYSTEM32\ntmarta.dll
0x000000006f2b0000 - 0x000000006f2c1000 	C:\Program Files\Java\jdk1.8.0_111\jre\bin\prism_common.dll
0x00007ff9e0c90000 - 0x00007ff9e0e74000 	C:\Windows\SYSTEM32\dbghelp.dll

VM Arguments:
jvm_args: -Dfile.encoding=UTF-8 
java_command: C:\Users\410N50\Documents\NetBeansProjects\ScanBarProjectFX\dist\run994645580\ScanBarProjectFX.jar
java_class_path (initial): C:\Users\410N50\Documents\NetBeansProjects\ScanBarProjectFX\dist\run994645580\ScanBarProjectFX.jar
Launcher Type: SUN_STANDARD

Environment Variables:
PATH=C:\ProgramData\Oracle\Java\javapath;C:\Program Files (x86)\Common Files\Intel\Shared Libraries\redist\intel64\compiler;C:\Windows\system32;C:\Windows;C:\Windows\System32\Wbem;C:\Windows\System32\WindowsPowerShell\v1.0\;C:\Windows\System32\OpenSSH\;C:\Program Files\Java\jdk-16.0.2\bin;C:\Program Files\Java\jdk1.8.0_301\bin;C:\Program Files\dotnet\;C:\Program Files\Microsoft SQL Server\130\Tools\Binn\;C:\Users\410N50\AppData\Local\Microsoft\WindowsApps;;C:\Users\410N50\AppData\Local\Programs\Microsoft VS Code\bin
USERNAME=410N50
OS=Windows_NT
PROCESSOR_IDENTIFIER=AMD64 Family 21 Model 19 Stepping 1, AuthenticAMD



---------------  S Y S T E M  ---------------

OS: Windows 10.0 , 64 bit Build 19041 (10.0.19041.928)

CPU:total 2 (2 cores per cpu, 1 threads per core) family 21 model 19 stepping 1, cmov, cx8, fxsr, mmx, sse, sse2, sse3, ssse3, sse4.1, sse4.2, popcnt, avx, aes, clmul, mmxext, 3dnowpref, lzcnt, sse4a, tsc, tscinvbit, tscinv, bmi1

Memory: 4k page, physical 6236992k(2413452k free), swap 8203072k(3308388k free)

vm_info: Java HotSpot(TM) 64-Bit Server VM (25.111-b14) for windows-amd64 JRE (1.8.0_111-b14), built on Sep 22 2016 19:24:05 by "java_re" with MS VC++ 10.0 (VS2010)

time: Sat Oct 23 13:15:17 2021
elapsed time: 5 seconds (0d 0h 0m 5s)

