#
# A fatal error has been detected by the Java Runtime Environment:
#
#  EXCEPTION_ACCESS_VIOLATION (0xc0000005) at pc=0x000000006f31584a, pid=9408, tid=0x0000000000000404
#
# JRE version: Java(TM) SE Runtime Environment (8.0_111-b14) (build 1.8.0_111-b14)
# Java VM: Java HotSpot(TM) 64-Bit Server VM (25.111-b14 mixed mode windows-amd64 compressed oops)
# Problematic frame:
# C  [glass.dll+0x2584a]
#
# Failed to write core dump. Minidumps are not enabled by default on client versions of Windows
#
# If you would like to submit a bug report, please visit:
#   http://bugreport.java.com/bugreport/crash.jsp
#

---------------  T H R E A D  ---------------

Current thread (0x0000000015c27800):  VMThread [stack: 0x0000000016690000,0x0000000016790000] [id=1028]

siginfo: ExceptionCode=0xc0000005, reading address 0x0000000000000000

Registers:
RAX=0x0000000000000000, RBX=0x000000001755fbc8, RCX=0x0000000015c27800, RDX=0x000000001755fbc8
RSP=0x000000001678f3c0, RBP=0x000000000078b0b0, RSI=0x0000000000000001, RDI=0x0000000000000000
R8 =0x0000000000010002, R9 =0x0000000000000001, R10=0x00000000006d0000, R11=0x000000001678f320
R12=0x000000000078b0e0, R13=0x000000000078b0b0, R14=0x000000000078b0c0, R15=0x0000000000000000
RIP=0x000000006f31584a, EFLAGS=0x0000000000010206

Top of Stack: (sp=0x000000001678f3c0)
0x000000001678f3c0:   0000000000000000 000000006f315900
0x000000001678f3d0:   0000000000000001 000000000078b0e0
0x000000001678f3e0:   000000006f315830 000000006f313224
0x000000001678f3f0:   00007ff9f18ba6c0 000000006f315a60
0x000000001678f400:   000000000078b0b0 0000000000000001
0x000000001678f410:   0000000000000001 000000006f2f0000
0x000000001678f420:   0000000000941658 000000006f3134a6
0x000000001678f430:   0000000000000001 0000000015b75500
0x000000001678f440:   0000000000000000 000000006f313384
0x000000001678f450:   c000000500000001 000000001678e540
0x000000001678f460:   000000006f2f0000 00007ff9f3fa9a1d
0x000000001678f470:   000000007ffe0385 0000000000000000
0x000000001678f480:   000000007ffe0384 000000007ffe0385
0x000000001678f490:   0000000000000000 00007ff9f3fedd61
0x000000001678f4a0:   0000ba22fa277600 00000000006ea720
0x000000001678f4b0:   0000000000000000 000000006f313384 

Instructions: (pc=0x000000006f31584a)
0x000000006f31582a:   83 c4 20 5d c3 cc 40 53 48 83 ec 20 48 8b 1d cb
0x000000006f31583a:   5b 01 00 48 85 db 74 1a e8 19 93 ff ff 48 8b d3
0x000000006f31584a:   4c 8b 00 48 8b c8 48 83 c4 20 5b 49 ff a0 b0 00
0x000000006f31585a:   00 00 48 83 c4 20 5b c3 cc cc cc cc cc cc cc cc 


Register to memory mapping:

RAX=0x0000000000000000 is an unknown value
RBX=0x000000001755fbc8 is a global jni handle
RCX=0x0000000015c27800 is an unknown value
RDX=0x000000001755fbc8 is a global jni handle
RSP=0x000000001678f3c0 is an unknown value
RBP=0x000000000078b0b0 is an unknown value
RSI=0x0000000000000001 is an unknown value
RDI=0x0000000000000000 is an unknown value
R8 =0x0000000000010002 is an unknown value
R9 =0x0000000000000001 is an unknown value
R10=0x00000000006d0000 is an unknown value
R11=0x000000001678f320 is an unknown value
R12=0x000000000078b0e0 is an unknown value
R13=0x000000000078b0b0 is an unknown value
R14=0x000000000078b0c0 is an unknown value
R15=0x0000000000000000 is an unknown value


Stack: [0x0000000016690000,0x0000000016790000],  sp=0x000000001678f3c0,  free space=1020k
Native frames: (J=compiled Java code, j=interpreted, Vv=VM code, C=native code)
C  [glass.dll+0x2584a]
C  [glass.dll+0x23224]
C  [glass.dll+0x234a6]
C  [ntdll.dll+0x19a1d]
C  [ntdll.dll+0x5db91]
C  [ntdll.dll+0x5da2d]
C  [KERNEL32.DLL+0x1e0ab]
C  [msvcr100.dll+0x20ccd]
V  [jvm.dll+0x212ca5]
V  [jvm.dll+0x24ba27]
V  [jvm.dll+0x24acc6]
V  [jvm.dll+0x24b161]
V  [jvm.dll+0x24b37e]
V  [jvm.dll+0x29c43a]
C  [msvcr100.dll+0x21d9f]
C  [msvcr100.dll+0x21e3b]
C  [KERNEL32.DLL+0x17034]
C  [ntdll.dll+0x52651]

VM_Operation (0x0000000017f5a590): Exit, mode: safepoint, requested by thread 0x0000000017552800


---------------  P R O C E S S  ---------------

Java Threads: ( => current thread )
  0x000000001a1cb800 JavaThread "Prism Font Disposer" daemon [_thread_blocked, id=7344, stack(0x000000001cde0000,0x000000001cee0000)]
  0x00000000175d2800 JavaThread "JavaFX-Launcher" [_thread_blocked, id=1724, stack(0x000000001a7a0000,0x000000001a8a0000)]
  0x00000000175d2000 JavaThread "Thread-2" daemon [_thread_in_native, id=6788, stack(0x000000001a6a0000,0x000000001a7a0000)]
  0x0000000017552800 JavaThread "JavaFX Application Thread" [_thread_blocked, id=7468, stack(0x0000000017e60000,0x0000000017f60000)]
  0x0000000017549000 JavaThread "Thread-1" daemon [_thread_blocked, id=6088, stack(0x0000000017d60000,0x0000000017e60000)]
  0x0000000017533800 JavaThread "QuantumRenderer-0" daemon [_thread_blocked, id=5064, stack(0x0000000017620000,0x0000000017720000)]
  0x0000000015cb9800 JavaThread "Service Thread" daemon [_thread_blocked, id=9824, stack(0x0000000016eb0000,0x0000000016fb0000)]
  0x0000000015cb5000 JavaThread "C1 CompilerThread1" daemon [_thread_blocked, id=4904, stack(0x0000000016db0000,0x0000000016eb0000)]
  0x0000000015c5b000 JavaThread "C2 CompilerThread0" daemon [_thread_blocked, id=8296, stack(0x0000000016cb0000,0x0000000016db0000)]
  0x0000000015c59800 JavaThread "Attach Listener" daemon [_thread_blocked, id=4036, stack(0x0000000016bb0000,0x0000000016cb0000)]
  0x0000000015c48800 JavaThread "Finalizer" daemon [_thread_blocked, id=4308, stack(0x0000000016890000,0x0000000016990000)]
  0x000000000258d800 JavaThread "Reference Handler" daemon [_thread_blocked, id=8240, stack(0x0000000016790000,0x0000000016890000)]
  0x00000000024a0800 JavaThread "main" [_thread_blocked, id=9720, stack(0x00000000023a0000,0x00000000024a0000)]

Other Threads:
=>0x0000000015c27800 VMThread [stack: 0x0000000016690000,0x0000000016790000] [id=1028]

VM state:at safepoint (shutting down)

VM Mutex/Monitor currently owned by a thread:  ([mutex/lock_event])
[0x000000000094c630] Threads_lock - owner thread: 0x0000000015c27800

Heap:
 PSYoungGen      total 28672K, used 20251K [0x00000000e0400000, 0x00000000e2400000, 0x0000000100000000)
  eden space 24576K, 65% used [0x00000000e0400000,0x00000000e13c6da8,0x00000000e1c00000)
  from space 4096K, 99% used [0x00000000e1c00000,0x00000000e1fffe80,0x00000000e2000000)
  to   space 4096K, 0% used [0x00000000e2000000,0x00000000e2000000,0x00000000e2400000)
 ParOldGen       total 65536K, used 1181K [0x00000000a0c00000, 0x00000000a4c00000, 0x00000000e0400000)
  object space 65536K, 1% used [0x00000000a0c00000,0x00000000a0d27798,0x00000000a4c00000)
 Metaspace       used 19048K, capacity 19888K, committed 20096K, reserved 1067008K
  class space    used 2605K, capacity 2823K, committed 2944K, reserved 1048576K

Card table byte_map: [0x0000000011960000,0x0000000011c60000] byte_map_base: 0x000000001145a000

Marking Bits: (ParMarkBitMap*) 0x000000007083a6c0
 Begin Bits: [0x0000000012060000, 0x0000000013830000)
 End Bits:   [0x0000000013830000, 0x0000000015000000)

Polling page: 0x0000000000950000

CodeCache: size=245760Kb used=5134Kb max_used=5142Kb free=240625Kb
 bounds [0x00000000025a0000, 0x0000000002ab0000, 0x00000000115a0000]
 total_blobs=2299 nmethods=1584 adapters=628
 compilation: enabled

Compilation events (10 events):
Event: 9.589 Thread 0x0000000015cb5000 1580       3       java.lang.invoke.MethodType::changeReturnType (20 bytes)
Event: 9.589 Thread 0x0000000015cb5000 nmethod 1580 0x0000000002aa4990 code [0x0000000002aa4b00, 0x0000000002aa4d88]
Event: 9.589 Thread 0x0000000015c5b000 1581       4       java.lang.Object::equals (11 bytes)
Event: 9.589 Thread 0x0000000015c5b000 nmethod 1581 0x0000000002aa7a90 code [0x0000000002aa7bc0, 0x0000000002aa7c38]
Event: 9.591 Thread 0x0000000015cb5000 1582       3       java.util.concurrent.atomic.AtomicInteger::incrementAndGet (14 bytes)
Event: 9.591 Thread 0x0000000015cb5000 nmethod 1582 0x0000000002aa7790 code [0x0000000002aa78e0, 0x0000000002aa7a30]
Event: 9.646 Thread 0x0000000015cb5000 1583       3       java.util.concurrent.atomic.AtomicBoolean::compareAndSet (35 bytes)
Event: 9.646 Thread 0x0000000015cb5000 nmethod 1583 0x0000000002aa7390 code [0x0000000002aa74e0, 0x0000000002aa7710]
Event: 9.649 Thread 0x0000000015cb5000 1584       1       java.util.logging.Logger::getName (5 bytes)
Event: 9.650 Thread 0x0000000015cb5000 nmethod 1584 0x0000000002aa70d0 code [0x0000000002aa7220, 0x0000000002aa7330]

GC Heap History (2 events):
Event: 3.236 GC heap before
{Heap before GC invocations=1 (full 0):
 PSYoungGen      total 28672K, used 24576K [0x00000000e0400000, 0x00000000e2400000, 0x0000000100000000)
  eden space 24576K, 100% used [0x00000000e0400000,0x00000000e1c00000,0x00000000e1c00000)
  from space 4096K, 0% used [0x00000000e2000000,0x00000000e2000000,0x00000000e2400000)
  to   space 4096K, 0% used [0x00000000e1c00000,0x00000000e1c00000,0x00000000e2000000)
 ParOldGen       total 65536K, used 0K [0x00000000a0c00000, 0x00000000a4c00000, 0x00000000e0400000)
  object space 65536K, 0% used [0x00000000a0c00000,0x00000000a0c00000,0x00000000a4c00000)
 Metaspace       used 13893K, capacity 14302K, committed 14464K, reserved 1062912K
  class space    used 1727K, capacity 1864K, committed 1920K, reserved 1048576K
Event: 3.247 GC heap after
Heap after GC invocations=1 (full 0):
 PSYoungGen      total 28672K, used 4095K [0x00000000e0400000, 0x00000000e2400000, 0x0000000100000000)
  eden space 24576K, 0% used [0x00000000e0400000,0x00000000e0400000,0x00000000e1c00000)
  from space 4096K, 99% used [0x00000000e1c00000,0x00000000e1fffe80,0x00000000e2000000)
  to   space 4096K, 0% used [0x00000000e2000000,0x00000000e2000000,0x00000000e2400000)
 ParOldGen       total 65536K, used 1181K [0x00000000a0c00000, 0x00000000a4c00000, 0x00000000e0400000)
  object space 65536K, 1% used [0x00000000a0c00000,0x00000000a0d27798,0x00000000a4c00000)
 Metaspace       used 13893K, capacity 14302K, committed 14464K, reserved 1062912K
  class space    used 1727K, capacity 1864K, committed 1920K, reserved 1048576K
}

Deoptimization events (10 events):
Event: 3.633 Thread 0x0000000017552800 Uncommon trap: reason=class_check action=maybe_recompile pc=0x00000000026bca70 method=java.lang.String.equals(Ljava/lang/Object;)Z @ 8
Event: 3.633 Thread 0x0000000017552800 Uncommon trap: reason=class_check action=maybe_recompile pc=0x00000000026bca70 method=java.lang.String.equals(Ljava/lang/Object;)Z @ 8
Event: 3.635 Thread 0x0000000017552800 Uncommon trap: reason=class_check action=maybe_recompile pc=0x00000000026bca70 method=java.lang.String.equals(Ljava/lang/Object;)Z @ 8
Event: 3.694 Thread 0x0000000017552800 Uncommon trap: reason=unstable_if action=reinterpret pc=0x0000000002948e88 method=java.lang.String.regionMatches(ZILjava/lang/String;II)Z @ 123
Event: 3.777 Thread 0x0000000017552800 Uncommon trap: reason=unstable_if action=reinterpret pc=0x000000000290a560 method=java.util.HashMap.hash(Ljava/lang/Object;)I @ 1
Event: 3.777 Thread 0x0000000017552800 Uncommon trap: reason=unstable_if action=reinterpret pc=0x0000000002920930 method=java.util.HashMap.hash(Ljava/lang/Object;)I @ 1
Event: 3.780 Thread 0x0000000017552800 Uncommon trap: reason=unstable_if action=reinterpret pc=0x0000000002949968 method=java.util.HashMap.hash(Ljava/lang/Object;)I @ 1
Event: 3.804 Thread 0x0000000017552800 Uncommon trap: reason=unstable_if action=reinterpret pc=0x0000000002978c2c method=java.lang.ClassLoader.checkName(Ljava/lang/String;)Z @ 20
Event: 3.808 Thread 0x0000000017552800 Uncommon trap: reason=unstable_if action=reinterpret pc=0x00000000027d5f24 method=java.util.Properties.loadConvert([CII[C)Ljava/lang/String; @ 72
Event: 9.491 Thread 0x0000000017552800 Uncommon trap: reason=unstable_if action=reinterpret pc=0x000000000296e378 method=jdk.internal.org.objectweb.asm.Type.getArgumentsAndReturnSizes(Ljava/lang/String;)I @ 47

Internal exceptions (10 events):
Event: 2.739 Thread 0x0000000017552800 Exception <a 'java/lang/ArrayIndexOutOfBoundsException'> (0x00000000e1688580) thrown at [C:\re\workspace\8-2-build-windows-amd64-cygwin\jdk8u111\7883\hotspot\src\share\vm\runtime\sharedRuntime.cpp, line 605]
Event: 2.739 Thread 0x0000000017552800 Exception <a 'java/lang/ArrayIndexOutOfBoundsException'> (0x00000000e1689928) thrown at [C:\re\workspace\8-2-build-windows-amd64-cygwin\jdk8u111\7883\hotspot\src\share\vm\runtime\sharedRuntime.cpp, line 605]
Event: 2.752 Thread 0x0000000017552800 Exception <a 'java/lang/ArrayIndexOutOfBoundsException'> (0x00000000e16a3f18) thrown at [C:\re\workspace\8-2-build-windows-amd64-cygwin\jdk8u111\7883\hotspot\src\share\vm\runtime\sharedRuntime.cpp, line 605]
Event: 3.056 Thread 0x0000000017552800 Exception <a 'java/lang/ArrayIndexOutOfBoundsException'> (0x00000000e1967ea8) thrown at [C:\re\workspace\8-2-build-windows-amd64-cygwin\jdk8u111\7883\hotspot\src\share\vm\runtime\sharedRuntime.cpp, line 605]
Event: 3.063 Thread 0x0000000017552800 Exception <a 'java/lang/ArrayIndexOutOfBoundsException'> (0x00000000e19b0098) thrown at [C:\re\workspace\8-2-build-windows-amd64-cygwin\jdk8u111\7883\hotspot\src\share\vm\runtime\sharedRuntime.cpp, line 605]
Event: 3.313 Thread 0x0000000017552800 Exception <a 'java/lang/ArrayIndexOutOfBoundsException'> (0x00000000e062e7e0) thrown at [C:\re\workspace\8-2-build-windows-amd64-cygwin\jdk8u111\7883\hotspot\src\share\vm\runtime\sharedRuntime.cpp, line 605]
Event: 3.777 Thread 0x0000000017552800 Implicit null exception at 0x000000000290a335 to 0x000000000290a551
Event: 3.777 Thread 0x0000000017552800 Implicit null exception at 0x0000000002920898 to 0x0000000002920926
Event: 3.780 Thread 0x0000000017552800 Implicit null exception at 0x00000000029498ef to 0x0000000002949959
Event: 9.652 Thread 0x000000001a247000 Exception <a 'java/lang/IllegalStateException'> (0x00000000e13ae600) thrown at [C:\re\workspace\8-2-build-windows-amd64-cygwin\jdk8u111\7883\hotspot\src\share\vm\prims\jvm.cpp, line 1390]

Events (10 events):
Event: 9.597 Thread 0x0000000017428000 Thread added: 0x0000000017428000
Event: 9.597 Thread 0x000000001a247000 Thread added: 0x000000001a247000
Event: 9.650 Thread 0x0000000017428000 Thread exited: 0x0000000017428000
Event: 9.651 loading class com/sun/javafx/tk/quantum/QuantumRenderer
Event: 9.651 loading class com/sun/javafx/tk/quantum/QuantumRenderer done
Event: 9.651 loading class com/sun/javafx/tk/quantum/QuantumToolkit
Event: 9.651 loading class com/sun/javafx/tk/quantum/QuantumToolkit done
Event: 9.652 Thread 0x000000001a247000 Thread exited: 0x000000001a247000
Event: 9.653 Thread 0x0000000015c56800 Thread exited: 0x0000000015c56800
Event: 9.653 Executing VM operation: Exit


Dynamic libraries:
0x00007ff6218d0000 - 0x00007ff621907000 	C:\Program Files\Java\jdk1.8.0_111\jre\bin\java.exe
0x00007ff9f3f90000 - 0x00007ff9f4185000 	C:\Windows\SYSTEM32\ntdll.dll
0x00007ff9f22b0000 - 0x00007ff9f236d000 	C:\Windows\System32\KERNEL32.DLL
0x00007ff9f1bc0000 - 0x00007ff9f1e88000 	C:\Windows\System32\KERNELBASE.dll
0x00007ff9f3980000 - 0x00007ff9f3a2c000 	C:\Windows\System32\ADVAPI32.dll
0x00007ff9f3ac0000 - 0x00007ff9f3b5e000 	C:\Windows\System32\msvcrt.dll
0x00007ff9f21e0000 - 0x00007ff9f227b000 	C:\Windows\System32\sechost.dll
0x00007ff9f2b30000 - 0x00007ff9f2c5b000 	C:\Windows\System32\RPCRT4.dll
0x00007ff9f3420000 - 0x00007ff9f35c0000 	C:\Windows\System32\USER32.dll
0x00007ff9f1700000 - 0x00007ff9f1722000 	C:\Windows\System32\win32u.dll
0x00007ff9f3ca0000 - 0x00007ff9f3cca000 	C:\Windows\System32\GDI32.dll
0x00007ff9f18c0000 - 0x00007ff9f19cb000 	C:\Windows\System32\gdi32full.dll
0x00007ff9f1b20000 - 0x00007ff9f1bbd000 	C:\Windows\System32\msvcp_win.dll
0x00007ff9f1a20000 - 0x00007ff9f1b20000 	C:\Windows\System32\ucrtbase.dll
0x00007ff9e9710000 - 0x00007ff9e99aa000 	C:\Windows\WinSxS\amd64_microsoft.windows.common-controls_6595b64144ccf1df_6.0.19041.844_none_ca00b6081b84eb1d\COMCTL32.dll
0x00007ff9f3a90000 - 0x00007ff9f3ac0000 	C:\Windows\System32\IMM32.DLL
0x000000006ff40000 - 0x0000000070012000 	C:\Program Files\Java\jdk1.8.0_111\jre\bin\msvcr100.dll
0x0000000070020000 - 0x00000000708ba000 	C:\Program Files\Java\jdk1.8.0_111\jre\bin\server\jvm.dll
0x00007ff9f2280000 - 0x00007ff9f2288000 	C:\Windows\System32\PSAPI.DLL
0x00007ff9e3a40000 - 0x00007ff9e3a49000 	C:\Windows\SYSTEM32\WSOCK32.dll
0x00007ff9f33b0000 - 0x00007ff9f341b000 	C:\Windows\System32\WS2_32.dll
0x00007ff9eae20000 - 0x00007ff9eae47000 	C:\Windows\SYSTEM32\WINMM.dll
0x00007ff9eae50000 - 0x00007ff9eae5a000 	C:\Windows\SYSTEM32\VERSION.dll
0x000000006fef0000 - 0x000000006feff000 	C:\Program Files\Java\jdk1.8.0_111\jre\bin\verify.dll
0x000000006fec0000 - 0x000000006fee9000 	C:\Program Files\Java\jdk1.8.0_111\jre\bin\java.dll
0x000000006fea0000 - 0x000000006feb6000 	C:\Program Files\Java\jdk1.8.0_111\jre\bin\zip.dll
0x00007ff9f2c60000 - 0x00007ff9f33a2000 	C:\Windows\System32\SHELL32.dll
0x00007ff9ef830000 - 0x00007ff9effc1000 	C:\Windows\SYSTEM32\windows.storage.dll
0x00007ff9f35c0000 - 0x00007ff9f3915000 	C:\Windows\System32\combase.dll
0x00007ff9f1140000 - 0x00007ff9f116c000 	C:\Windows\SYSTEM32\Wldp.dll
0x00007ff9f2370000 - 0x00007ff9f241e000 	C:\Windows\System32\SHCORE.dll
0x00007ff9f3a30000 - 0x00007ff9f3a85000 	C:\Windows\System32\shlwapi.dll
0x00007ff9f1610000 - 0x00007ff9f162f000 	C:\Windows\SYSTEM32\profapi.dll
0x00007ff9bf480000 - 0x00007ff9bf56f000 	C:\Program Files\Java\jdk1.8.0_111\jre\bin\msvcr120.dll
0x00007ff9dd670000 - 0x00007ff9dd716000 	C:\Program Files\Java\jdk1.8.0_111\jre\bin\msvcp120.dll
0x000000006fbb0000 - 0x000000006fbd2000 	C:\Program Files\Java\jdk1.8.0_111\jre\bin\prism_d3d.dll
0x00007ff9bc740000 - 0x00007ff9bc90e000 	C:\Windows\system32\d3d9.dll
0x00007ff9ef630000 - 0x00007ff9ef642000 	C:\Windows\SYSTEM32\kernel.appcore.dll
0x00007ff9ef250000 - 0x00007ff9ef27f000 	C:\Windows\SYSTEM32\dwmapi.dll
0x00007ff9ef120000 - 0x00007ff9ef1be000 	C:\Windows\system32\uxtheme.dll
0x000000006f2f0000 - 0x000000006f333000 	C:\Program Files\Java\jdk1.8.0_111\jre\bin\glass.dll
0x00007ff9f2420000 - 0x00007ff9f24fa000 	C:\Windows\System32\COMDLG32.dll
0x00007ff9f3e20000 - 0x00007ff9f3f4a000 	C:\Windows\System32\ole32.dll
0x00007ff9f2110000 - 0x00007ff9f21dd000 	C:\Windows\System32\OLEAUT32.dll
0x00007ff9f1ff0000 - 0x00007ff9f2105000 	C:\Windows\System32\MSCTF.dll
0x00007ff9f1840000 - 0x00007ff9f18c0000 	C:\Windows\System32\bcryptPrimitives.dll
0x000000006fe80000 - 0x000000006fe9a000 	C:\Program Files\Java\jdk1.8.0_111\jre\bin\net.dll
0x00007ff9f0e40000 - 0x00007ff9f0eaa000 	C:\Windows\system32\mswsock.dll
0x00007ff9f0bc0000 - 0x00007ff9f0c8c000 	C:\Windows\SYSTEM32\DNSAPI.dll
0x00007ff9f0b30000 - 0x00007ff9f0b6b000 	C:\Windows\SYSTEM32\IPHLPAPI.DLL
0x00007ff9f3cd0000 - 0x00007ff9f3cd8000 	C:\Windows\System32\NSI.dll
0x00007ff9e87d0000 - 0x00007ff9e87da000 	C:\Windows\System32\rasadhlp.dll
0x00007ff9e86b0000 - 0x00007ff9e872f000 	C:\Windows\System32\fwpuclnt.dll
0x00007ff9f16d0000 - 0x00007ff9f16f7000 	C:\Windows\System32\bcrypt.dll
0x000000006f2d0000 - 0x000000006f2e4000 	C:\Program Files\Java\jdk1.8.0_111\jre\bin\javafx_font.dll
0x00007ff9e7660000 - 0x00007ff9e78df000 	C:\Windows\SYSTEM32\dwrite.dll
0x00007ff9f3bf0000 - 0x00007ff9f3c99000 	C:\Windows\System32\clbcatq.dll
0x00007ff9eccb0000 - 0x00007ff9ece64000 	C:\Windows\SYSTEM32\WindowsCodecs.dll
0x00007ff9e1910000 - 0x00007ff9e194e000 	C:\Windows\system32\dataexchange.dll
0x00007ff9ed770000 - 0x00007ff9ed9d4000 	C:\Windows\system32\d3d11.dll
0x00007ff9ee100000 - 0x00007ff9ee2e5000 	C:\Windows\system32\dcomp.dll
0x00007ff9f0010000 - 0x00007ff9f0103000 	C:\Windows\system32\dxgi.dll
0x00007ff9ec9f0000 - 0x00007ff9ecbf1000 	C:\Windows\system32\twinapi.appcore.dll
0x00007ff9d8d50000 - 0x00007ff9d8d84000 	C:\Program Files\Common Files\Microsoft Shared\Ink\rtscom.dll
0x00007ff9e9a00000 - 0x00007ff9e9af9000 	C:\Windows\SYSTEM32\textinputframework.dll
0x00007ff9ee670000 - 0x00007ff9ee9ce000 	C:\Windows\System32\CoreUIComponents.dll
0x00007ff9ee9d0000 - 0x00007ff9eeac2000 	C:\Windows\System32\CoreMessaging.dll
0x00007ff9f0410000 - 0x00007ff9f0443000 	C:\Windows\SYSTEM32\ntmarta.dll
0x00007ff9edfa0000 - 0x00007ff9ee0f4000 	C:\Windows\SYSTEM32\wintypes.dll
0x000000006f2b0000 - 0x000000006f2c1000 	C:\Program Files\Java\jdk1.8.0_111\jre\bin\prism_common.dll
0x00007ff9e0c90000 - 0x00007ff9e0e74000 	C:\Windows\SYSTEM32\dbghelp.dll

VM Arguments:
jvm_args: -Dfile.encoding=UTF-8 
java_command: C:\Users\410N50\Documents\NetBeansProjects\ScanBarProjectFX\dist\run1083756387\ScanBarProjectFX.jar
java_class_path (initial): C:\Users\410N50\Documents\NetBeansProjects\ScanBarProjectFX\dist\run1083756387\ScanBarProjectFX.jar
Launcher Type: SUN_STANDARD

Environment Variables:
PATH=C:\ProgramData\Oracle\Java\javapath;C:\Program Files (x86)\Common Files\Intel\Shared Libraries\redist\intel64\compiler;C:\Windows\system32;C:\Windows;C:\Windows\System32\Wbem;C:\Windows\System32\WindowsPowerShell\v1.0\;C:\Windows\System32\OpenSSH\;C:\Program Files\Java\jdk-16.0.2\bin;C:\Program Files\Java\jdk1.8.0_301\bin;C:\Program Files\dotnet\;C:\Program Files\Microsoft SQL Server\130\Tools\Binn\;C:\Users\410N50\AppData\Local\Microsoft\WindowsApps;;C:\Users\410N50\AppData\Local\Programs\Microsoft VS Code\bin
USERNAME=410N50
OS=Windows_NT
PROCESSOR_IDENTIFIER=AMD64 Family 21 Model 19 Stepping 1, AuthenticAMD



---------------  S Y S T E M  ---------------

OS: Windows 10.0 , 64 bit Build 19041 (10.0.19041.928)

CPU:total 2 (2 cores per cpu, 1 threads per core) family 21 model 19 stepping 1, cmov, cx8, fxsr, mmx, sse, sse2, sse3, ssse3, sse4.1, sse4.2, popcnt, avx, aes, clmul, mmxext, 3dnowpref, lzcnt, sse4a, tsc, tscinvbit, tscinv, bmi1

Memory: 4k page, physical 6236992k(2426028k free), swap 8203072k(3302040k free)

vm_info: Java HotSpot(TM) 64-Bit Server VM (25.111-b14) for windows-amd64 JRE (1.8.0_111-b14), built on Sep 22 2016 19:24:05 by "java_re" with MS VC++ 10.0 (VS2010)

time: Sat Oct 23 13:15:02 2021
elapsed time: 10 seconds (0d 0h 0m 10s)

